android/sdk/build/outputs/logs/manifest-merger-debug-report.txt
-- Merging decision tree log ---
manifest
ADDED from src/main/AndroidManifest.xml:1:1-30:12
INJECTED from src/main/AndroidManifest.xml:1:1-30:12
INJECTED from src/main/AndroidManifest.xml:1:1-30:12
	package
		ADDED from src/main/AndroidManifest.xml:3:5-33
		INJECTED from src/main/AndroidManifest.xml
		INJECTED from src/main/AndroidManifest.xml
	xmlns:android
		ADDED from src/main/AndroidManifest.xml:2:5-63
uses-permission#android.permission.ACCESS_NETWORK_STATE
ADDED from src/main/AndroidManifest.xml:5:3-77
	android:name
		ADDED from src/main/AndroidManifest.xml:5:20-74
uses-permission#android.permission.BLUETOOTH
ADDED from src/main/AndroidManifest.xml:6:3-66
	android:name
		ADDED from src/main/AndroidManifest.xml:6:20-63
uses-permission#android.permission.CAMERA
ADDED from src/main/AndroidManifest.xml:7:3-63
	android:name
		ADDED from src/main/AndroidManifest.xml:7:20-60
uses-permission#android.permission.INTERNET
ADDED from src/main/AndroidManifest.xml:8:3-65
	android:name
		ADDED from src/main/AndroidManifest.xml:8:20-62
uses-permission#android.permission.MODIFY_AUDIO_SETTINGS
ADDED from src/main/AndroidManifest.xml:9:3-78
	android:name
		ADDED from src/main/AndroidManifest.xml:9:20-75
uses-permission#android.permission.RECORD_AUDIO
ADDED from src/main/AndroidManifest.xml:10:3-69
	android:name
		ADDED from src/main/AndroidManifest.xml:10:20-66
uses-permission#android.permission.SYSTEM_ALERT_WINDOW
ADDED from src/main/AndroidManifest.xml:11:3-76
	android:name
		ADDED from src/main/AndroidManifest.xml:11:20-73
uses-permission#android.permission.WAKE_LOCK
ADDED from src/main/AndroidManifest.xml:12:3-66
	android:name
		ADDED from src/main/AndroidManifest.xml:12:20-63
uses-permission#android.permission.ACCESS_WIFI_STATE
ADDED from src/main/AndroidManifest.xml:13:3-74
	android:name
		ADDED from src/main/AndroidManifest.xml:13:20-71
uses-feature#0x00020000
ADDED from src/main/AndroidManifest.xml:15:3-76
	android:glEsVersion
		ADDED from src/main/AndroidManifest.xml:15:17-49
	android:required
		ADDED from src/main/AndroidManifest.xml:15:50-73
uses-feature#android.hardware.camera
ADDED from src/main/AndroidManifest.xml:16:3-18:34
	android:required
		ADDED from src/main/AndroidManifest.xml:18:7-31
	android:name
		ADDED from src/main/AndroidManifest.xml:17:7-45
uses-feature#android.hardware.camera.autofocus
ADDED from src/main/AndroidManifest.xml:19:3-21:34
	android:required
		ADDED from src/main/AndroidManifest.xml:21:7-31
	android:name
		ADDED from src/main/AndroidManifest.xml:20:7-55
application
ADDED from src/main/AndroidManifest.xml:23:3-29:17
	android:supportsRtl
		ADDED from src/main/AndroidManifest.xml:26:7-33
	android:label
		ADDED from src/main/AndroidManifest.xml:25:7-39
	android:allowBackup
		ADDED from src/main/AndroidManifest.xml:24:7-33
activity#com.facebook.react.devsupport.DevSettingsActivity
ADDED from src/main/AndroidManifest.xml:27:5-28:76
	android:name
		ADDED from src/main/AndroidManifest.xml:28:9-73
uses-sdk
INJECTED from src/main/AndroidManifest.xml reason: use-sdk injection requested
INJECTED from src/main/AndroidManifest.xml
INJECTED from src/main/AndroidManifest.xml
INJECTED from src/main/AndroidManifest.xml
INJECTED from src/main/AndroidManifest.xml
	android:targetSdkVersion
		INJECTED from src/main/AndroidManifest.xml
		ADDED from src/main/AndroidManifest.xml
		INJECTED from src/main/AndroidManifest.xml
	android:minSdkVersion
		INJECTED from src/main/AndroidManifest.xml
		ADDED from src/main/AndroidManifest.xml
		INJECTED from src/main/AndroidManifest.xml